<?xml version="1.0" encoding="UTF-8"?>
<!-- Generated by org.testng.reporters.JUnitReportReporter -->
<testsuite skipped="0" hostname="DESKTOP-8BMKDBU" name="module6.Sequencing" tests="5" failures="0" timestamp="13 Aug 2019 15:27:30 GMT" time="0.068" errors="0">
  <testcase name="Mumbai" time="0.005" classname="module6.Sequencing"/>
  <testcase name="Pune" time="0.014" classname="module6.Sequencing"/>
  <testcase name="Chennai" time="0.006" classname="module6.Sequencing"/>
  <testcase name="Banglore" time="0.038" classname="module6.Sequencing"/>
  <testcase name="Hyderabad" time="0.005" classname="module6.Sequencing"/>
</testsuite> <!-- module6.Sequencing -->
