<?xml version="1.0" encoding="UTF-8"?>
<!-- Generated by org.testng.reporters.JUnitReportReporter -->
<testsuite skipped="0" hostname="DESKTOP-8BMKDBU" name="module6.GitHubLogin" tests="5" failures="0" timestamp="14 Aug 2019 16:40:54 GMT" time="52.431" errors="0">
  <testcase name="OpenBrowser" time="13.164" classname="module6.GitHubLogin"/>
  <testcase name="OpenAUT" time="8.424" classname="module6.GitHubLogin"/>
  <testcase name="Login" time="15.963" classname="module6.GitHubLogin"/>
  <testcase name="Logout" time="9.798" classname="module6.GitHubLogin"/>
  <testcase name="CloseTestCase" time="5.082" classname="module6.GitHubLogin"/>
</testsuite> <!-- module6.GitHubLogin -->
