<?xml version="1.0" encoding="UTF-8"?>
<!-- Generated by org.testng.reporters.JUnitReportReporter -->
<testsuite skipped="0" hostname="DESKTOP-8BMKDBU" name="module6.Cross_Parallel" tests="10" failures="0" timestamp="14 Aug 2019 16:40:54 GMT" time="102.452" errors="0">
  <testcase name="openBrowser" time="12.681" classname="module6.Cross_Parallel"/>
  <testcase name="openBrowser" time="25.774" classname="module6.Cross_Parallel"/>
  <testcase name="OpenAUT" time="8.893" classname="module6.Cross_Parallel"/>
  <testcase name="OpenAUT" time="4.939" classname="module6.Cross_Parallel"/>
  <testcase name="Login" time="8.466" classname="module6.Cross_Parallel"/>
  <testcase name="Login" time="12.888" classname="module6.Cross_Parallel"/>
  <testcase name="Logout" time="6.121" classname="module6.Cross_Parallel"/>
  <testcase name="Logout" time="8.978" classname="module6.Cross_Parallel"/>
  <testcase name="CloseTestCase" time="6.157" classname="module6.Cross_Parallel"/>
  <testcase name="CloseTestCase" time="7.555" classname="module6.Cross_Parallel"/>
</testsuite> <!-- module6.Cross_Parallel -->
