<?xml version="1.0" encoding="UTF-8"?>
<!-- Generated by org.testng.reporters.JUnitReportReporter -->
<testsuite skipped="0" hostname="DESKTOP-8BMKDBU" name="module9.TestCase.DDT" tests="10" failures="0" timestamp="19 Aug 2019 17:12:46 GMT" time="58.935" errors="0">
  <testcase name="FormFill" time="6.546" classname="module9.TestCase.DDT"/>
  <testcase name="FormFill" time="5.790" classname="module9.TestCase.DDT"/>
  <testcase name="FormFill" time="5.970" classname="module9.TestCase.DDT"/>
  <testcase name="FormFill" time="5.832" classname="module9.TestCase.DDT"/>
  <testcase name="FormFill" time="5.911" classname="module9.TestCase.DDT"/>
  <testcase name="FormFill" time="5.688" classname="module9.TestCase.DDT"/>
  <testcase name="FormFill" time="5.788" classname="module9.TestCase.DDT"/>
  <testcase name="FormFill" time="5.831" classname="module9.TestCase.DDT"/>
  <testcase name="FormFill" time="5.783" classname="module9.TestCase.DDT"/>
  <testcase name="FormFill" time="5.796" classname="module9.TestCase.DDT"/>
</testsuite> <!-- module9.TestCase.DDT -->
