<?xml version="1.0" encoding="UTF-8"?>
<!-- Generated by org.testng.reporters.JUnitReportReporter -->
<testsuite skipped="0" hostname="DESKTOP-8BMKDBU" name="module6.NewTest" tests="1" failures="0" timestamp="13 Aug 2019 13:33:50 GMT" time="104.721" errors="0">
  <testcase name="LogIn" time="104.721" classname="module6.NewTest"/>
</testsuite> <!-- module6.NewTest -->
