<?xml version="1.0" encoding="UTF-8"?>
<!-- Generated by org.testng.reporters.JUnitReportReporter -->
<testsuite skipped="2" hostname="DESKTOP-8BMKDBU" name="module6.DisableEnable" tests="7" failures="0" timestamp="13 Aug 2019 16:37:23 GMT" time="21.668" errors="0">
  <testcase name="OpenBrowser" time="11.858" classname="module6.DisableEnable"/>
  <testcase name="OpenAUT" time="2.332" classname="module6.DisableEnable"/>
  <testcase name="TestRegisterLink" time="1.414" classname="module6.DisableEnable"/>
  <testcase name="TestSupportLink" time="1.218" classname="module6.DisableEnable"/>
  <testcase name="CloseBrowser" time="4.846" classname="module6.DisableEnable"/>
  <testcase name="Login" classname="module6.DisableEnable">
    <skipped/>
  </testcase> <!-- Login -->
  <testcase name="Logout" classname="module6.DisableEnable">
    <skipped/>
  </testcase> <!-- Logout -->
</testsuite> <!-- module6.DisableEnable -->
