<?xml version="1.0" encoding="UTF-8"?>
<!-- Generated by org.testng.reporters.JUnitReportReporter -->
<testsuite skipped="0" hostname="DESKTOP-8BMKDBU" name="module6.Grouping" tests="3" failures="0" timestamp="13 Aug 2019 17:03:17 GMT" time="0.073" errors="0">
  <testcase name="TC2" time="0.035" classname="module6.Grouping"/>
  <testcase name="TC3" time="0.012" classname="module6.Grouping"/>
  <testcase name="TC6" time="0.026" classname="module6.Grouping"/>
</testsuite> <!-- module6.Grouping -->
